# JRE version: OpenJDK Runtime Environment (8.0_152-b02) (build 1.8.0_152-release-1024-b02)
# Java VM: OpenJDK 64-Bit Server VM (25.152-b02 mixed mode windows-amd64 compressed oops)
Heap:
 PSYoungGen      total 465920K, used 392485K [0x00000000e0000000, 0x00000000fff00000, 0x0000000100000000)
  eden space 409600K, 93% used [0x00000000e0000000,0x00000000f7537100,0x00000000f9000000)
  from space 56320K, 18% used [0x00000000fc800000,0x00000000fd212350,0x00000000fff00000)
  to   space 56832K, 0% used [0x00000000f9000000,0x00000000f9000000,0x00000000fc780000)
 ParOldGen       total 258048K, used 96664K [0x00000000a0000000, 0x00000000afc00000, 0x00000000e0000000)
  object space 258048K, 37% used [0x00000000a0000000,0x00000000a5e660c0,0x00000000afc00000)
 Metaspace       used 90765K, capacity 97418K, committed 97752K, reserved 1134592K
  class space    used 11635K, capacity 12714K, committed 12800K, reserved 1048576K
GC Heap History (10 events):
Event: 819.625 GC heap before
{Heap before GC invocations=23 (full 3):
 PSYoungGen      total 404480K, used 376562K [0x00000000e0000000, 0x0000000100000000, 0x0000000100000000)
  eden space 344064K, 100% used [0x00000000e0000000,0x00000000f5000000,0x00000000f5000000)
  from space 60416K, 53% used [0x00000000f5000000,0x00000000f6fbcb48,0x00000000f8b00000)
  to   space 58368K, 0% used [0x00000000fc700000,0x00000000fc700000,0x0000000100000000)
 ParOldGen       total 258048K, used 72897K [0x00000000a0000000, 0x00000000afc00000, 0x00000000e0000000)
  object space 258048K, 28% used [0x00000000a0000000,0x00000000a4730558,0x00000000afc00000)
 Metaspace       used 88497K, capacity 94312K, committed 94424K, reserved 1130496K
  class space    used 11494K, capacity 12467K, committed 12544K, reserved 1048576K
Event: 819.645 GC heap after
Heap after GC invocations=23 (full 3):
 PSYoungGen      total 456704K, used 27547K [0x00000000e0000000, 0x00000000ff900000, 0x0000000100000000)
  eden space 405504K, 0% used [0x00000000e0000000,0x00000000e0000000,0x00000000f8c00000)
  from space 51200K, 53% used [0x00000000fc700000,0x00000000fe1e6d30,0x00000000ff900000)
  to   space 55808K, 0% used [0x00000000f8c00000,0x00000000f8c00000,0x00000000fc280000)
 ParOldGen       total 258048K, used 73605K [0x00000000a0000000, 0x00000000afc00000, 0x00000000e0000000)
  object space 258048K, 28% used [0x00000000a0000000,0x00000000a47e15b8,0x00000000afc00000)
 Metaspace       used 88497K, capacity 94312K, committed 94424K, reserved 1130496K
  class space    used 11494K, capacity 12467K, committed 12544K, reserved 1048576K
}
Event: 821.116 GC heap before
{Heap before GC invocations=24 (full 3):
 PSYoungGen      total 456704K, used 432960K [0x00000000e0000000, 0x00000000ff900000, 0x0000000100000000)
  eden space 405504K, 99% used [0x00000000e0000000,0x00000000f8be9630,0x00000000f8c00000)
  from space 51200K, 53% used [0x00000000fc700000,0x00000000fe1e6d30,0x00000000ff900000)
  to   space 55808K, 0% used [0x00000000f8c00000,0x00000000f8c00000,0x00000000fc280000)
 ParOldGen       total 258048K, used 73605K [0x00000000a0000000, 0x00000000afc00000, 0x00000000e0000000)
  object space 258048K, 28% used [0x00000000a0000000,0x00000000a47e15b8,0x00000000afc00000)
 Metaspace       used 88583K, capacity 94384K, committed 94680K, reserved 1132544K
  class space    used 11496K, capacity 12469K, committed 12544K, reserved 1048576K
Event: 821.148 GC heap after
Heap after GC invocations=24 (full 3):
 PSYoungGen      total 461312K, used 37009K [0x00000000e0000000, 0x0000000100000000, 0x0000000100000000)
  eden space 405504K, 0% used [0x00000000e0000000,0x00000000e0000000,0x00000000f8c00000)
  from space 55808K, 66% used [0x00000000f8c00000,0x00000000fb024628,0x00000000fc280000)
  to   space 56320K, 0% used [0x00000000fc900000,0x00000000fc900000,0x0000000100000000)
 ParOldGen       total 258048K, used 89485K [0x00000000a0000000, 0x00000000afc00000, 0x00000000e0000000)
  object space 258048K, 34% used [0x00000000a0000000,0x00000000a57635e0,0x00000000afc00000)
 Metaspace       used 88583K, capacity 94384K, committed 94680K, reserved 1132544K
  class space    used 11496K, capacity 12469K, committed 12544K, reserved 1048576K
}
Event: 823.211 GC heap before
{Heap before GC invocations=25 (full 3):
 PSYoungGen      total 461312K, used 441619K [0x00000000e0000000, 0x0000000100000000, 0x0000000100000000)
  eden space 405504K, 99% used [0x00000000e0000000,0x00000000f8b206a8,0x00000000f8c00000)
  from space 55808K, 66% used [0x00000000f8c00000,0x00000000fb024628,0x00000000fc280000)
  to   space 56320K, 0% used [0x00000000fc900000,0x00000000fc900000,0x0000000100000000)
 ParOldGen       total 258048K, used 89485K [0x00000000a0000000, 0x00000000afc00000, 0x00000000e0000000)
  object space 258048K, 34% used [0x00000000a0000000,0x00000000a57635e0,0x00000000afc00000)
 Metaspace       used 88697K, capacity 94540K, committed 94680K, reserved 1132544K
  class space    used 11497K, capacity 12471K, committed 12544K, reserved 1048576K
Event: 823.219 GC heap after
Heap after GC invocations=25 (full 3):
 PSYoungGen      total 465920K, used 6495K [0x00000000e0000000, 0x0000000100000000, 0x0000000100000000)
  eden space 409600K, 0% used [0x00000000e0000000,0x00000000e0000000,0x00000000f9000000)
  from space 56320K, 11% used [0x00000000fc900000,0x00000000fcf57cf0,0x0000000100000000)
  to   space 57344K, 0% used [0x00000000f9000000,0x00000000f9000000,0x00000000fc800000)
 ParOldGen       total 258048K, used 96056K [0x00000000a0000000, 0x00000000afc00000, 0x00000000e0000000)
  object space 258048K, 37% used [0x00000000a0000000,0x00000000a5dce0a0,0x00000000afc00000)
 Metaspace       used 88697K, capacity 94540K, committed 94680K, reserved 1132544K
  class space    used 11497K, capacity 12471K, committed 12544K, reserved 1048576K
}
Event: 1719.009 GC heap before
{Heap before GC invocations=26 (full 3):
 PSYoungGen      total 465920K, used 416095K [0x00000000e0000000, 0x0000000100000000, 0x0000000100000000)
  eden space 409600K, 100% used [0x00000000e0000000,0x00000000f9000000,0x00000000f9000000)
  from space 56320K, 11% used [0x00000000fc900000,0x00000000fcf57cf0,0x0000000100000000)
  to   space 57344K, 0% used [0x00000000f9000000,0x00000000f9000000,0x00000000fc800000)
 ParOldGen       total 258048K, used 96056K [0x00000000a0000000, 0x00000000afc00000, 0x00000000e0000000)
  object space 258048K, 37% used [0x00000000a0000000,0x00000000a5dce0a0,0x00000000afc00000)
 Metaspace       used 89774K, capacity 96004K, committed 96344K, reserved 1132544K
  class space    used 11564K, capacity 12587K, committed 12672K, reserved 1048576K
Event: 1719.018 GC heap after
Heap after GC invocations=26 (full 3):
 PSYoungGen      total 466944K, used 10229K [0x00000000e0000000, 0x0000000100000000, 0x0000000100000000)
  eden space 409600K, 0% used [0x00000000e0000000,0x00000000e0000000,0x00000000f9000000)
  from space 57344K, 17% used [0x00000000f9000000,0x00000000f99fd570,0x00000000fc800000)
  to   space 57344K, 0% used [0x00000000fc800000,0x00000000fc800000,0x0000000100000000)
 ParOldGen       total 258048K, used 96104K [0x00000000a0000000, 0x00000000afc00000, 0x00000000e0000000)
  object space 258048K, 37% used [0x00000000a0000000,0x00000000a5dda0a0,0x00000000afc00000)
 Metaspace       used 89774K, capacity 96004K, committed 96344K, reserved 1132544K
  class space    used 11564K, capacity 12587K, committed 12672K, reserved 1048576K
}
Event: 2182.340 GC heap before
{Heap before GC invocations=27 (full 3):
 PSYoungGen      total 466944K, used 419829K [0x00000000e0000000, 0x0000000100000000, 0x0000000100000000)
  eden space 409600K, 100% used [0x00000000e0000000,0x00000000f9000000,0x00000000f9000000)
  from space 57344K, 17% used [0x00000000f9000000,0x00000000f99fd570,0x00000000fc800000)
  to   space 57344K, 0% used [0x00000000fc800000,0x00000000fc800000,0x0000000100000000)
 ParOldGen       total 258048K, used 96104K [0x00000000a0000000, 0x00000000afc00000, 0x00000000e0000000)
  object space 258048K, 37% used [0x00000000a0000000,0x00000000a5dda0a0,0x00000000afc00000)
 Metaspace       used 90186K, capacity 96488K, committed 96600K, reserved 1132544K
  class space    used 11567K, capacity 12591K, committed 12672K, reserved 1048576K
Event: 2182.347 GC heap after
Heap after GC invocations=27 (full 3):
 PSYoungGen      total 465920K, used 10312K [0x00000000e0000000, 0x00000000fff00000, 0x0000000100000000)
  eden space 409600K, 0% used [0x00000000e0000000,0x00000000e0000000,0x00000000f9000000)
  from space 56320K, 18% used [0x00000000fc800000,0x00000000fd212350,0x00000000fff00000)
  to   space 56832K, 0% used [0x00000000f9000000,0x00000000f9000000,0x00000000fc780000)
 ParOldGen       total 258048K, used 96664K [0x00000000a0000000, 0x00000000afc00000, 0x00000000e0000000)
  object space 258048K, 37% used [0x00000000a0000000,0x00000000a5e660c0,0x00000000afc00000)
 Metaspace       used 90186K, capacity 96488K, committed 96600K, reserved 1132544K
  class space    used 11567K, capacity 12591K, committed 12672K, reserved 1048576K
}

